<?xml version="1.0" encoding="UTF-8"?>
<testsuite name="com.project.breakshop.BreakshopApplicationTests" tests="1" skipped="0" failures="0" errors="0" timestamp="2023-01-19T10:24:29" hostname="DESKTOP-5JHGKD0" time="0.441">
  <properties/>
  <testcase name="contextLoads()" classname="com.project.breakshop.BreakshopApplicationTests" time="0.441"/>
  <system-out><![CDATA[19:24:24.865 [Test worker] DEBUG org.springframework.test.context.BootstrapUtils - Instantiating CacheAwareContextLoaderDelegate from class [org.springframework.test.context.cache.DefaultCacheAwareContextLoaderDelegate]
19:24:24.877 [Test worker] DEBUG org.springframework.test.context.BootstrapUtils - Instantiating BootstrapContext using constructor [public org.springframework.test.context.support.DefaultBootstrapContext(java.lang.Class,org.springframework.test.context.CacheAwareContextLoaderDelegate)]
19:24:24.915 [Test worker] DEBUG org.springframework.test.context.BootstrapUtils - Instantiating TestContextBootstrapper for test class [com.project.breakshop.BreakshopApplicationTests] from class [org.springframework.boot.test.context.SpringBootTestContextBootstrapper]
19:24:24.927 [Test worker] INFO org.springframework.boot.test.context.SpringBootTestContextBootstrapper - Neither @ContextConfiguration nor @ContextHierarchy found for test class [com.project.breakshop.BreakshopApplicationTests], using SpringBootContextLoader
19:24:24.932 [Test worker] DEBUG org.springframework.test.context.support.AbstractContextLoader - Did not detect default resource location for test class [com.project.breakshop.BreakshopApplicationTests]: class path resource [com/project/breakshop/BreakshopApplicationTests-context.xml] does not exist
19:24:24.933 [Test worker] DEBUG org.springframework.test.context.support.AbstractContextLoader - Did not detect default resource location for test class [com.project.breakshop.BreakshopApplicationTests]: class path resource [com/project/breakshop/BreakshopApplicationTestsContext.groovy] does not exist
19:24:24.933 [Test worker] INFO org.springframework.test.context.support.AbstractContextLoader - Could not detect default resource locations for test class [com.project.breakshop.BreakshopApplicationTests]: no resource found for suffixes {-context.xml, Context.groovy}.
19:24:24.934 [Test worker] INFO org.springframework.test.context.support.AnnotationConfigContextLoaderUtils - Could not detect default configuration classes for test class [com.project.breakshop.BreakshopApplicationTests]: BreakshopApplicationTests does not declare any static, non-private, non-final, nested classes annotated with @Configuration.
19:24:24.992 [Test worker] DEBUG org.springframework.test.context.support.ActiveProfilesUtils - Could not find an 'annotation declaring class' for annotation type [org.springframework.test.context.ActiveProfiles] and class [com.project.breakshop.BreakshopApplicationTests]
19:24:25.070 [Test worker] DEBUG org.springframework.context.annotation.ClassPathScanningCandidateComponentProvider - Identified candidate component class: file [C:\Users\lionk\Documents\github\Break-Shop\breakshop\build\classes\java\main\com\project\breakshop\BreakshopApplication.class]
19:24:25.072 [Test worker] INFO org.springframework.boot.test.context.SpringBootTestContextBootstrapper - Found @SpringBootConfiguration com.project.breakshop.BreakshopApplication for test class com.project.breakshop.BreakshopApplicationTests
19:24:25.188 [Test worker] DEBUG org.springframework.boot.test.context.SpringBootTestContextBootstrapper - @TestExecutionListeners is not present for class [com.project.breakshop.BreakshopApplicationTests]: using defaults.
19:24:25.189 [Test worker] INFO org.springframework.boot.test.context.SpringBootTestContextBootstrapper - Loaded default TestExecutionListener class names from location [META-INF/spring.factories]: [org.springframework.security.test.context.support.WithSecurityContextTestExecutionListener, org.springframework.security.test.context.support.ReactorContextTestExecutionListener, org.springframework.boot.test.autoconfigure.restdocs.RestDocsTestExecutionListener, org.springframework.boot.test.autoconfigure.web.client.MockRestServiceServerResetTestExecutionListener, org.springframework.boot.test.autoconfigure.web.servlet.MockMvcPrintOnlyOnFailureTestExecutionListener, org.springframework.boot.test.autoconfigure.web.servlet.WebDriverTestExecutionListener, org.springframework.boot.test.autoconfigure.webservices.client.MockWebServiceServerTestExecutionListener, org.springframework.boot.test.mock.mockito.MockitoTestExecutionListener, org.springframework.boot.test.mock.mockito.ResetMocksTestExecutionListener, org.springframework.test.context.web.ServletTestExecutionListener, org.springframework.test.context.support.DirtiesContextBeforeModesTestExecutionListener, org.springframework.test.context.event.ApplicationEventsTestExecutionListener, org.springframework.test.context.support.DependencyInjectionTestExecutionListener, org.springframework.test.context.support.DirtiesContextTestExecutionListener, org.springframework.test.context.transaction.TransactionalTestExecutionListener, org.springframework.test.context.jdbc.SqlScriptsTestExecutionListener, org.springframework.test.context.event.EventPublishingTestExecutionListener]
19:24:25.214 [Test worker] INFO org.springframework.boot.test.context.SpringBootTestContextBootstrapper - Using TestExecutionListeners: [org.springframework.test.context.web.ServletTestExecutionListener@165b8a71, org.springframework.test.context.support.DirtiesContextBeforeModesTestExecutionListener@6175619b, org.springframework.test.context.event.ApplicationEventsTestExecutionListener@2f058b8a, org.springframework.boot.test.mock.mockito.MockitoTestExecutionListener@756cf158, org.springframework.boot.test.autoconfigure.SpringBootDependencyInjectionTestExecutionListener@3f2ef586, org.springframework.test.context.support.DirtiesContextTestExecutionListener@751d3241, org.springframework.test.context.transaction.TransactionalTestExecutionListener@76c7beb3, org.springframework.test.context.jdbc.SqlScriptsTestExecutionListener@64337702, org.springframework.security.test.context.support.WithSecurityContextTestExecutionListener@2cf92cc7, org.springframework.test.context.event.EventPublishingTestExecutionListener@30ea8c23, org.springframework.security.test.context.support.ReactorContextTestExecutionListener@7b139eab, org.springframework.boot.test.autoconfigure.restdocs.RestDocsTestExecutionListener@4e76dac, org.springframework.boot.test.autoconfigure.web.client.MockRestServiceServerResetTestExecutionListener@611df6e3, org.springframework.boot.test.autoconfigure.web.servlet.MockMvcPrintOnlyOnFailureTestExecutionListener@5f2f577, org.springframework.boot.test.autoconfigure.web.servlet.WebDriverTestExecutionListener@6273c5a4, org.springframework.boot.test.autoconfigure.webservices.client.MockWebServiceServerTestExecutionListener@5d465e4b, org.springframework.boot.test.mock.mockito.ResetMocksTestExecutionListener@53e211ee]
19:24:25.219 [Test worker] DEBUG org.springframework.test.context.support.AbstractDirtiesContextTestExecutionListener - Before test class: context [DefaultTestContext@191ae03f testClass = BreakshopApplicationTests, testInstance = [null], testMethod = [null], testException = [null], mergedContextConfiguration = [WebMergedContextConfiguration@9635fa testClass = BreakshopApplicationTests, locations = '{}', classes = '{class com.project.breakshop.BreakshopApplication}', contextInitializerClasses = '[]', activeProfiles = '{}', propertySourceLocations = '{}', propertySourceProperties = '{org.springframework.boot.test.context.SpringBootTestContextBootstrapper=true}', contextCustomizers = set[org.springframework.boot.test.autoconfigure.actuate.metrics.MetricsExportContextCustomizerFactory$DisableMetricExportContextCustomizer@79179359, org.springframework.boot.test.autoconfigure.properties.PropertyMappingContextCustomizer@0, org.springframework.boot.test.autoconfigure.web.servlet.WebDriverContextCustomizerFactory$Customizer@db57326, org.springframework.boot.test.context.filter.ExcludeFilterContextCustomizer@1a6c1270, org.springframework.boot.test.json.DuplicateJsonObjectContextCustomizerFactory$DuplicateJsonObjectContextCustomizer@6ee6f53, org.springframework.boot.test.mock.mockito.MockitoContextCustomizer@0, org.springframework.boot.test.web.client.TestRestTemplateContextCustomizer@7241a47d, org.springframework.boot.test.context.SpringBootTestArgs@1, org.springframework.boot.test.context.SpringBootTestWebEnvironment@25084a1e], resourceBasePath = 'src/main/webapp', contextLoader = 'org.springframework.boot.test.context.SpringBootContextLoader', parent = [null]], attributes = map['org.springframework.test.context.web.ServletTestExecutionListener.activateListener' -> true]], class annotated with @DirtiesContext [false] with mode [null].

  .   ____          _            __ _ _
 /\\ / ___'_ __ _ _(_)_ __  __ _ \ \ \ \
( ( )\___ | '_ | '_| | '_ \/ _` | \ \ \ \
 \\/  ___)| |_)| | | | | || (_| |  ) ) ) )
  '  |____| .__|_| |_|_| |_\__, | / / / /
 =========|_|==============|___/=/_/_/_/
 :: Spring Boot ::                (v2.7.7)

2023-01-19 19:24:25.596  INFO 18044 --- [    Test worker] c.p.breakshop.BreakshopApplicationTests  : Starting BreakshopApplicationTests using Java 17.0.5 on DESKTOP-5JHGKD0 with PID 18044 (started by lionk in C:\Users\lionk\Documents\github\Break-Shop\breakshop)
2023-01-19 19:24:25.598  INFO 18044 --- [    Test worker] c.p.breakshop.BreakshopApplicationTests  : No active profile set, falling back to 1 default profile: "default"
2023-01-19 19:24:26.355  INFO 18044 --- [    Test worker] .s.d.r.c.RepositoryConfigurationDelegate : Bootstrapping Spring Data JPA repositories in DEFAULT mode.
2023-01-19 19:24:26.377  INFO 18044 --- [    Test worker] .s.d.r.c.RepositoryConfigurationDelegate : Finished Spring Data repository scanning in 10 ms. Found 0 JPA repository interfaces.
2023-01-19 19:24:27.126  INFO 18044 --- [    Test worker] o.hibernate.jpa.internal.util.LogHelper  : HHH000204: Processing PersistenceUnitInfo [name: default]
2023-01-19 19:24:27.182  INFO 18044 --- [    Test worker] org.hibernate.Version                    : HHH000412: Hibernate ORM core version 5.6.14.Final
2023-01-19 19:24:27.392  INFO 18044 --- [    Test worker] o.hibernate.annotations.common.Version   : HCANN000001: Hibernate Commons Annotations {5.1.2.Final}
2023-01-19 19:24:27.532  INFO 18044 --- [    Test worker] com.zaxxer.hikari.HikariDataSource       : HikariPool-1 - Starting...
2023-01-19 19:24:27.726  INFO 18044 --- [    Test worker] com.zaxxer.hikari.HikariDataSource       : HikariPool-1 - Start completed.
2023-01-19 19:24:27.743  INFO 18044 --- [    Test worker] org.hibernate.dialect.Dialect            : HHH000400: Using dialect: org.hibernate.dialect.MySQL8Dialect
2023-01-19 19:24:28.049  INFO 18044 --- [    Test worker] o.h.e.t.j.p.i.JtaPlatformInitiator       : HHH000490: Using JtaPlatform implementation: [org.hibernate.engine.transaction.jta.platform.internal.NoJtaPlatform]
2023-01-19 19:24:28.062  INFO 18044 --- [    Test worker] j.LocalContainerEntityManagerFactoryBean : Initialized JPA EntityManagerFactory for persistence unit 'default'
2023-01-19 19:24:28.362  WARN 18044 --- [    Test worker] JpaBaseConfiguration$JpaWebConfiguration : spring.jpa.open-in-view is enabled by default. Therefore, database queries may be performed during view rendering. Explicitly configure spring.jpa.open-in-view to disable this warning
2023-01-19 19:24:29.240  WARN 18044 --- [    Test worker] .s.s.UserDetailsServiceAutoConfiguration : 

Using generated security password: dc11b377-2ba1-4556-bfd7-45ffed7cd0a0

This generated password is for development use only. Your security configuration must be updated before running your application in production.

2023-01-19 19:24:29.568  INFO 18044 --- [    Test worker] o.s.s.web.DefaultSecurityFilterChain     : Will secure any request with [org.springframework.security.web.session.DisableEncodeUrlFilter@443253a6, org.springframework.security.web.context.request.async.WebAsyncManagerIntegrationFilter@191774d6, org.springframework.security.web.context.SecurityContextPersistenceFilter@64508788, org.springframework.security.web.header.HeaderWriterFilter@e18d2a2, org.springframework.security.web.csrf.CsrfFilter@67396475, org.springframework.security.web.authentication.logout.LogoutFilter@16c0be3b, org.springframework.security.web.authentication.UsernamePasswordAuthenticationFilter@3883031d, org.springframework.security.web.authentication.ui.DefaultLoginPageGeneratingFilter@3f2ae973, org.springframework.security.web.authentication.ui.DefaultLogoutPageGeneratingFilter@21ffc00e, org.springframework.security.web.authentication.www.BasicAuthenticationFilter@7305cfb1, org.springframework.security.web.savedrequest.RequestCacheAwareFilter@1174676f, org.springframework.security.web.servletapi.SecurityContextHolderAwareRequestFilter@71f8ce0e, org.springframework.security.web.authentication.AnonymousAuthenticationFilter@134955bb, org.springframework.security.web.session.SessionManagementFilter@5f9ebd5a, org.springframework.security.web.access.ExceptionTranslationFilter@65b5b5ed, org.springframework.security.web.access.intercept.FilterSecurityInterceptor@77cf329d]
2023-01-19 19:24:29.689  INFO 18044 --- [    Test worker] c.p.breakshop.BreakshopApplicationTests  : Started BreakshopApplicationTests in 4.428 seconds (JVM running for 6.051)
]]></system-out>
  <system-err><![CDATA[]]></system-err>
</testsuite>
