<?xml version="1.0" encoding="UTF-8"?>
<testsuite name="com.project.breakshop.BreakshopApplicationTests" tests="1" skipped="0" failures="0" errors="0" timestamp="2023-01-18T06:35:17" hostname="DESKTOP-5JHGKD0" time="0.439">
  <properties/>
  <testcase name="contextLoads()" classname="com.project.breakshop.BreakshopApplicationTests" time="0.439"/>
  <system-out><![CDATA[15:35:15.589 [Test worker] DEBUG org.springframework.test.context.BootstrapUtils - Instantiating CacheAwareContextLoaderDelegate from class [org.springframework.test.context.cache.DefaultCacheAwareContextLoaderDelegate]
15:35:15.599 [Test worker] DEBUG org.springframework.test.context.BootstrapUtils - Instantiating BootstrapContext using constructor [public org.springframework.test.context.support.DefaultBootstrapContext(java.lang.Class,org.springframework.test.context.CacheAwareContextLoaderDelegate)]
15:35:15.629 [Test worker] DEBUG org.springframework.test.context.BootstrapUtils - Instantiating TestContextBootstrapper for test class [com.project.breakshop.BreakshopApplicationTests] from class [org.springframework.boot.test.context.SpringBootTestContextBootstrapper]
15:35:15.639 [Test worker] INFO org.springframework.boot.test.context.SpringBootTestContextBootstrapper - Neither @ContextConfiguration nor @ContextHierarchy found for test class [com.project.breakshop.BreakshopApplicationTests], using SpringBootContextLoader
15:35:15.642 [Test worker] DEBUG org.springframework.test.context.support.AbstractContextLoader - Did not detect default resource location for test class [com.project.breakshop.BreakshopApplicationTests]: class path resource [com/project/breakshop/BreakshopApplicationTests-context.xml] does not exist
15:35:15.642 [Test worker] DEBUG org.springframework.test.context.support.AbstractContextLoader - Did not detect default resource location for test class [com.project.breakshop.BreakshopApplicationTests]: class path resource [com/project/breakshop/BreakshopApplicationTestsContext.groovy] does not exist
15:35:15.643 [Test worker] INFO org.springframework.test.context.support.AbstractContextLoader - Could not detect default resource locations for test class [com.project.breakshop.BreakshopApplicationTests]: no resource found for suffixes {-context.xml, Context.groovy}.
15:35:15.643 [Test worker] INFO org.springframework.test.context.support.AnnotationConfigContextLoaderUtils - Could not detect default configuration classes for test class [com.project.breakshop.BreakshopApplicationTests]: BreakshopApplicationTests does not declare any static, non-private, non-final, nested classes annotated with @Configuration.
15:35:15.675 [Test worker] DEBUG org.springframework.test.context.support.ActiveProfilesUtils - Could not find an 'annotation declaring class' for annotation type [org.springframework.test.context.ActiveProfiles] and class [com.project.breakshop.BreakshopApplicationTests]
15:35:15.731 [Test worker] DEBUG org.springframework.context.annotation.ClassPathScanningCandidateComponentProvider - Identified candidate component class: file [C:\Users\lionk\Documents\github\Break-Shop\breakshop\build\classes\java\main\com\project\breakshop\BreakshopApplication.class]
15:35:15.732 [Test worker] INFO org.springframework.boot.test.context.SpringBootTestContextBootstrapper - Found @SpringBootConfiguration com.project.breakshop.BreakshopApplication for test class com.project.breakshop.BreakshopApplicationTests
15:35:15.821 [Test worker] DEBUG org.springframework.boot.test.context.SpringBootTestContextBootstrapper - @TestExecutionListeners is not present for class [com.project.breakshop.BreakshopApplicationTests]: using defaults.
15:35:15.822 [Test worker] INFO org.springframework.boot.test.context.SpringBootTestContextBootstrapper - Loaded default TestExecutionListener class names from location [META-INF/spring.factories]: [org.springframework.security.test.context.support.WithSecurityContextTestExecutionListener, org.springframework.security.test.context.support.ReactorContextTestExecutionListener, org.springframework.boot.test.autoconfigure.restdocs.RestDocsTestExecutionListener, org.springframework.boot.test.autoconfigure.web.client.MockRestServiceServerResetTestExecutionListener, org.springframework.boot.test.autoconfigure.web.servlet.MockMvcPrintOnlyOnFailureTestExecutionListener, org.springframework.boot.test.autoconfigure.web.servlet.WebDriverTestExecutionListener, org.springframework.boot.test.autoconfigure.webservices.client.MockWebServiceServerTestExecutionListener, org.springframework.boot.test.mock.mockito.MockitoTestExecutionListener, org.springframework.boot.test.mock.mockito.ResetMocksTestExecutionListener, org.springframework.test.context.web.ServletTestExecutionListener, org.springframework.test.context.support.DirtiesContextBeforeModesTestExecutionListener, org.springframework.test.context.event.ApplicationEventsTestExecutionListener, org.springframework.test.context.support.DependencyInjectionTestExecutionListener, org.springframework.test.context.support.DirtiesContextTestExecutionListener, org.springframework.test.context.transaction.TransactionalTestExecutionListener, org.springframework.test.context.jdbc.SqlScriptsTestExecutionListener, org.springframework.test.context.event.EventPublishingTestExecutionListener]
15:35:15.838 [Test worker] INFO org.springframework.boot.test.context.SpringBootTestContextBootstrapper - Using TestExecutionListeners: [org.springframework.test.context.web.ServletTestExecutionListener@305f031, org.springframework.test.context.support.DirtiesContextBeforeModesTestExecutionListener@592e843a, org.springframework.test.context.event.ApplicationEventsTestExecutionListener@1d1f7216, org.springframework.boot.test.mock.mockito.MockitoTestExecutionListener@423e4cbb, org.springframework.boot.test.autoconfigure.SpringBootDependencyInjectionTestExecutionListener@6e16b8b5, org.springframework.test.context.support.DirtiesContextTestExecutionListener@43b4fe19, org.springframework.test.context.transaction.TransactionalTestExecutionListener@25ddbbbb, org.springframework.test.context.jdbc.SqlScriptsTestExecutionListener@1536602f, org.springframework.security.test.context.support.WithSecurityContextTestExecutionListener@4ebea12c, org.springframework.test.context.event.EventPublishingTestExecutionListener@2a1edad4, org.springframework.security.test.context.support.ReactorContextTestExecutionListener@6256ac4f, org.springframework.boot.test.autoconfigure.restdocs.RestDocsTestExecutionListener@44c79f32, org.springframework.boot.test.autoconfigure.web.client.MockRestServiceServerResetTestExecutionListener@7fcbe147, org.springframework.boot.test.autoconfigure.web.servlet.MockMvcPrintOnlyOnFailureTestExecutionListener@235f4c10, org.springframework.boot.test.autoconfigure.web.servlet.WebDriverTestExecutionListener@743cb8e0, org.springframework.boot.test.autoconfigure.webservices.client.MockWebServiceServerTestExecutionListener@c7a975a, org.springframework.boot.test.mock.mockito.ResetMocksTestExecutionListener@2c1b9e4b]
15:35:15.842 [Test worker] DEBUG org.springframework.test.context.support.AbstractDirtiesContextTestExecutionListener - Before test class: context [DefaultTestContext@1a1da881 testClass = BreakshopApplicationTests, testInstance = [null], testMethod = [null], testException = [null], mergedContextConfiguration = [WebMergedContextConfiguration@5b970f7 testClass = BreakshopApplicationTests, locations = '{}', classes = '{class com.project.breakshop.BreakshopApplication}', contextInitializerClasses = '[]', activeProfiles = '{}', propertySourceLocations = '{}', propertySourceProperties = '{org.springframework.boot.test.context.SpringBootTestContextBootstrapper=true}', contextCustomizers = set[org.springframework.boot.test.autoconfigure.actuate.metrics.MetricsExportContextCustomizerFactory$DisableMetricExportContextCustomizer@648c94da, org.springframework.boot.test.autoconfigure.properties.PropertyMappingContextCustomizer@0, org.springframework.boot.test.autoconfigure.web.servlet.WebDriverContextCustomizerFactory$Customizer@79179359, org.springframework.boot.test.context.filter.ExcludeFilterContextCustomizer@4eb386df, org.springframework.boot.test.json.DuplicateJsonObjectContextCustomizerFactory$DuplicateJsonObjectContextCustomizer@5a18cd76, org.springframework.boot.test.mock.mockito.MockitoContextCustomizer@0, org.springframework.boot.test.web.client.TestRestTemplateContextCustomizer@4748a0f9, org.springframework.boot.test.context.SpringBootTestArgs@1, org.springframework.boot.test.context.SpringBootTestWebEnvironment@14555e0a], resourceBasePath = 'src/main/webapp', contextLoader = 'org.springframework.boot.test.context.SpringBootContextLoader', parent = [null]], attributes = map['org.springframework.test.context.web.ServletTestExecutionListener.activateListener' -> true]], class annotated with @DirtiesContext [false] with mode [null].

  .   ____          _            __ _ _
 /\\ / ___'_ __ _ _(_)_ __  __ _ \ \ \ \
( ( )\___ | '_ | '_| | '_ \/ _` | \ \ \ \
 \\/  ___)| |_)| | | | | || (_| |  ) ) ) )
  '  |____| .__|_| |_|_| |_\__, | / / / /
 =========|_|==============|___/=/_/_/_/
 :: Spring Boot ::                (v2.7.7)

2023-01-18 15:35:16.088  INFO 10248 --- [    Test worker] c.p.breakshop.BreakshopApplicationTests  : Starting BreakshopApplicationTests using Java 17.0.5 on DESKTOP-5JHGKD0 with PID 10248 (started by lionk in C:\Users\lionk\Documents\github\Break-Shop\breakshop)
2023-01-18 15:35:16.089  INFO 10248 --- [    Test worker] c.p.breakshop.BreakshopApplicationTests  : No active profile set, falling back to 1 default profile: "default"
2023-01-18 15:35:17.576  WARN 10248 --- [    Test worker] .s.s.UserDetailsServiceAutoConfiguration : 

Using generated security password: 78bdf808-e1af-4d54-89d1-dbd7172e5219

This generated password is for development use only. Your security configuration must be updated before running your application in production.

2023-01-18 15:35:17.779  INFO 10248 --- [    Test worker] o.s.s.web.DefaultSecurityFilterChain     : Will secure any request with [org.springframework.security.web.session.DisableEncodeUrlFilter@66f5b8fe, org.springframework.security.web.context.request.async.WebAsyncManagerIntegrationFilter@233f52f8, org.springframework.security.web.context.SecurityContextPersistenceFilter@31a136a6, org.springframework.security.web.header.HeaderWriterFilter@68ea253b, org.springframework.security.web.csrf.CsrfFilter@2e56b4d, org.springframework.security.web.authentication.logout.LogoutFilter@6a2d867d, org.springframework.security.web.authentication.UsernamePasswordAuthenticationFilter@3c81cd82, org.springframework.security.web.authentication.ui.DefaultLoginPageGeneratingFilter@5b2b8d86, org.springframework.security.web.authentication.ui.DefaultLogoutPageGeneratingFilter@69ec93c2, org.springframework.security.web.authentication.www.BasicAuthenticationFilter@560271a1, org.springframework.security.web.savedrequest.RequestCacheAwareFilter@2e0fdbe9, org.springframework.security.web.servletapi.SecurityContextHolderAwareRequestFilter@16a3cc88, org.springframework.security.web.authentication.AnonymousAuthenticationFilter@19fec3d6, org.springframework.security.web.session.SessionManagementFilter@39ab5ef7, org.springframework.security.web.access.ExceptionTranslationFilter@45d56062, org.springframework.security.web.access.intercept.FilterSecurityInterceptor@251d7fdd]
2023-01-18 15:35:17.854  INFO 10248 --- [    Test worker] c.p.breakshop.BreakshopApplicationTests  : Started BreakshopApplicationTests in 1.978 seconds (JVM running for 3.075)
]]></system-out>
  <system-err><![CDATA[]]></system-err>
</testsuite>
